2026-01-03 11:50:47 | INFO | web.app | Prometheus metrics available at /metrics
2026-01-03 11:51:13 | INFO | web.app | Prometheus metrics available at /metrics
2026-01-03 11:51:43 | INFO | web.app | Received /run_pipeline payload | date1=2025-12-01T00:00 date2=2026-01-01T00:00 target_url=https://nms.cbn.id/ usernames=4
2026-01-03 11:51:43 | INFO | web.app | Starting pipeline | date1=2025-12-01T00:00 date2=2026-01-01T00:00 target_url=https://nms.cbn.id/ usernames=fsr-bsibatamindolx,fsr-bsibatamctlx,fsr-bsiayanlx,test
2026-01-03 11:51:58 | INFO | main_pipeline | STEP 1: Scraping data dan gambar...
2026-01-03 11:51:58 | INFO | main_pipeline | Folder output: D:\MyCode\Automation\Cacti_Automation - DBDeleteing\output\2026-01-03_11-51-58
2026-01-03 11:51:58 | INFO | scraping.scraper | Memulai WebDriver...
2026-01-03 11:51:58 | INFO | WDM | ====== WebDriver manager ======
2026-01-03 11:51:59 | INFO | WDM | Get LATEST chromedriver version for google-chrome
2026-01-03 11:51:59 | INFO | WDM | Get LATEST chromedriver version for google-chrome
2026-01-03 11:51:59 | INFO | WDM | Get LATEST chromedriver version for google-chrome
2026-01-03 11:52:00 | INFO | WDM | WebDriver version 143.0.7499.169 selected
2026-01-03 11:52:00 | INFO | WDM | Modern chrome version https://storage.googleapis.com/chrome-for-testing-public/143.0.7499.169/win32/chromedriver-win32.zip
2026-01-03 11:52:00 | INFO | WDM | About to download new driver from https://storage.googleapis.com/chrome-for-testing-public/143.0.7499.169/win32/chromedriver-win32.zip
2026-01-03 11:52:00 | INFO | WDM | Driver downloading response is 200
2026-01-03 11:52:03 | INFO | WDM | Get LATEST chromedriver version for google-chrome
2026-01-03 11:52:03 | INFO | WDM | Driver has been saved in cache [C:\Users\User\.wdm\drivers\chromedriver\win64\143.0.7499.169]
2026-01-03 11:52:06 | INFO | scraping.scraper | Membuka halaman login: https://nms.cbn.id/
2026-01-03 11:52:07 | INFO | scraping.scraper | Mengisi username dan password...
2026-01-03 11:52:11 | INFO | scraping.scraper | Mengisi tanggal awal...
2026-01-03 11:52:14 | INFO | scraping.scraper | Mengisi tanggal akhir...
2026-01-03 11:52:14 | INFO | scraping.scraper | Menekan tombol Refresh...
2026-01-03 11:52:14 | INFO | scraping.scraper | Gambar akan disimpan di: D:\MyCode\Automation\Cacti_Automation - DBDeleteing\output\2026-01-03_11-51-58\raw_screenshots
2026-01-03 11:52:15 | INFO | scraping.scraper | [DEBUG] Mencari tombol Go...
2026-01-03 11:52:15 | INFO | scraping.scraper | [DEBUG] Tombol Go ditemukan, mencoba klik...
2026-01-03 11:52:15 | INFO | scraping.scraper | [DEBUG] Tombol Go diklik
2026-01-03 11:52:15 | INFO | scraping.scraper | [DEBUG] Memeriksa ketersediaan data untuk fsr-bsibatamindolx
2026-01-03 11:52:15 | INFO | scraping.scraper | [DEBUG] Link Zoom ditemukan dengan xpath: //a[contains(@href,'graph.php?action=zoom')]
2026-01-03 11:52:16 | INFO | scraping.scraper | Menunggu gambar Graph muncul setelah klik Zoom...
2026-01-03 11:52:16 | INFO | scraping.scraper | Gambar Graph ditemukan: https://nms.cbn.id/graph_image.php?action=zoom&local_graph_id=58174&rra_id=0&view_type=&graph_start=1764522000&graph_end=1767200400&graph_height=120&graph_width=500&title_font_size=10
2026-01-03 11:52:16 | INFO | scraping.scraper | Mengambil judul grafik...
2026-01-03 11:52:16 | INFO | scraping.scraper | HASIL Username: fsr-bsibatamindolx
2026-01-03 11:52:16 | INFO | scraping.scraper | Judul pendek (filename): fsr-bsibatamindolx
2026-01-03 11:52:16 | INFO | scraping.scraper | Judul asli CACTI: Zooming Graph 'cbr2.ro.metro26 - Po20.1553 - isp-cust-pre PT Mega Akses Persada / PT Bank Syariah - fsr-bsibatamindolx'
2026-01-03 11:52:16 | INFO | scraping.scraper | Gambar URL: https://nms.cbn.id/graph_image.php?action=zoom&local_graph_id=58174&rra_id=0&view_type=&graph_start=1764522000&graph_end=1767200400&graph_height=120&graph_width=500&title_font_size=10
2026-01-03 11:52:16 | INFO | scraping.scraper | Downloading image from https://nms.cbn.id/graph_image.php?action=zoom&local_graph_id=58174&rra_id=0&view_type=&graph_start=1764522000&graph_end=1767200400&graph_height=120&graph_width=500&title_font_size=10...
2026-01-03 11:52:17 | INFO | scraping.scraper | Gambar berhasil disimpan ke D:\MyCode\Automation\Cacti_Automation - DBDeleteing\output\2026-01-03_11-51-58\raw_screenshots\fsr-bsibatamindolx.png
2026-01-03 11:52:17 | INFO | graph_storage | Storage directory ready: graph_data_storage
2026-01-03 11:52:17 | INFO | graph_storage | Graph info saved: fsr-bsibatamindolx, D:\MyCode\Automation\Cacti_Automation - DBDeleteing\output\2026-01-03_11-51-58\raw_screenshots\fsr-bsibatamindolx.png
2026-01-03 11:52:17 | INFO | scraping.scraper | [SUCCESS] Processed fsr-bsibatamindolx successfully - saved to D:\MyCode\Automation\Cacti_Automation - DBDeleteing\output\2026-01-03_11-51-58\raw_screenshots\fsr-bsibatamindolx.png
2026-01-03 11:52:17 | INFO | scraping.scraper | Klik link Preview Mode...
2026-01-03 11:52:17 | INFO | scraping.scraper | Menunggu halaman Preview Mode terbuka...
2026-01-03 11:52:17 | INFO | scraping.scraper | Menekan tombol Go lagi untuk username: fsr-bsibatamindolx di Preview Mode
2026-01-03 11:52:19 | INFO | scraping.scraper | [DEBUG] Mencari tombol Go...
2026-01-03 11:52:19 | INFO | scraping.scraper | [DEBUG] Tombol Go ditemukan, mencoba klik...
2026-01-03 11:52:19 | INFO | scraping.scraper | [DEBUG] Tombol Go diklik
2026-01-03 11:52:19 | INFO | scraping.scraper | [DEBUG] Memeriksa ketersediaan data untuk fsr-bsibatamctlx
2026-01-03 11:52:19 | INFO | scraping.scraper | [DEBUG] Link Zoom ditemukan dengan xpath: //a[contains(@href,'graph.php?action=zoom')]
2026-01-03 11:52:21 | INFO | scraping.scraper | Menunggu gambar Graph muncul setelah klik Zoom...
2026-01-03 11:52:21 | INFO | scraping.scraper | Gambar Graph ditemukan: https://nms.cbn.id/graph_image.php?action=zoom&local_graph_id=58176&rra_id=0&view_type=&graph_start=1764522000&graph_end=1767200400&graph_height=120&graph_width=500&title_font_size=10
2026-01-03 11:52:21 | INFO | scraping.scraper | Mengambil judul grafik...
2026-01-03 11:52:21 | INFO | scraping.scraper | HASIL Username: fsr-bsibatamctlx
2026-01-03 11:52:21 | INFO | scraping.scraper | Judul pendek (filename): fsr-bsibatamctlx
2026-01-03 11:52:21 | INFO | scraping.scraper | Judul asli CACTI: Zooming Graph 'cbr2.ro.metro26 - Po20.2185 - isp-cust-pre PT Mega Akses Persada / PT Bank Syariah - fsr-bsibatamctlx'
2026-01-03 11:52:21 | INFO | scraping.scraper | Gambar URL: https://nms.cbn.id/graph_image.php?action=zoom&local_graph_id=58176&rra_id=0&view_type=&graph_start=1764522000&graph_end=1767200400&graph_height=120&graph_width=500&title_font_size=10
2026-01-03 11:52:21 | INFO | scraping.scraper | Downloading image from https://nms.cbn.id/graph_image.php?action=zoom&local_graph_id=58176&rra_id=0&view_type=&graph_start=1764522000&graph_end=1767200400&graph_height=120&graph_width=500&title_font_size=10...
2026-01-03 11:52:21 | INFO | scraping.scraper | Gambar berhasil disimpan ke D:\MyCode\Automation\Cacti_Automation - DBDeleteing\output\2026-01-03_11-51-58\raw_screenshots\fsr-bsibatamctlx.png
2026-01-03 11:52:21 | INFO | graph_storage | Storage directory ready: graph_data_storage
2026-01-03 11:52:21 | INFO | graph_storage | Graph info saved: fsr-bsibatamctlx, D:\MyCode\Automation\Cacti_Automation - DBDeleteing\output\2026-01-03_11-51-58\raw_screenshots\fsr-bsibatamctlx.png
2026-01-03 11:52:21 | INFO | scraping.scraper | [SUCCESS] Processed fsr-bsibatamctlx successfully - saved to D:\MyCode\Automation\Cacti_Automation - DBDeleteing\output\2026-01-03_11-51-58\raw_screenshots\fsr-bsibatamctlx.png
2026-01-03 11:52:21 | INFO | scraping.scraper | Klik link Preview Mode...
2026-01-03 11:52:21 | INFO | scraping.scraper | Menunggu halaman Preview Mode terbuka...
2026-01-03 11:52:21 | INFO | scraping.scraper | Menekan tombol Go lagi untuk username: fsr-bsibatamctlx di Preview Mode
2026-01-03 11:52:23 | INFO | scraping.scraper | [DEBUG] Mencari tombol Go...
2026-01-03 11:52:23 | INFO | scraping.scraper | [DEBUG] Tombol Go ditemukan, mencoba klik...
2026-01-03 11:52:23 | INFO | scraping.scraper | [DEBUG] Tombol Go diklik
2026-01-03 11:52:23 | INFO | scraping.scraper | [DEBUG] Memeriksa ketersediaan data untuk fsr-bsiayanlx
2026-01-03 11:52:24 | INFO | scraping.scraper | [DEBUG] Link Zoom ditemukan dengan xpath: //a[contains(@href,'graph.php?action=zoom')]
2026-01-03 11:52:25 | INFO | scraping.scraper | Menunggu gambar Graph muncul setelah klik Zoom...
2026-01-03 11:52:25 | INFO | scraping.scraper | Gambar Graph ditemukan: https://nms.cbn.id/graph_image.php?action=zoom&local_graph_id=57687&rra_id=0&view_type=&graph_start=1764522000&graph_end=1767200400&graph_height=120&graph_width=500&title_font_size=10
2026-01-03 11:52:25 | INFO | scraping.scraper | Mengambil judul grafik...
2026-01-03 11:52:25 | INFO | scraping.scraper | HASIL Username: fsr-bsiayanlx
2026-01-03 11:52:25 | INFO | scraping.scraper | Judul pendek (filename): fsr-bsiayanlx
2026-01-03 11:52:25 | INFO | scraping.scraper | Judul asli CACTI: Zooming Graph 'cbr2.ro.metro26 - Po20.2114 - isp-cust-pre PT Mega Akses Persada / BSI KC MEDAN A YANI - fsr-bsiayanlx'
2026-01-03 11:52:25 | INFO | scraping.scraper | Gambar URL: https://nms.cbn.id/graph_image.php?action=zoom&local_graph_id=57687&rra_id=0&view_type=&graph_start=1764522000&graph_end=1767200400&graph_height=120&graph_width=500&title_font_size=10
2026-01-03 11:52:25 | INFO | scraping.scraper | Downloading image from https://nms.cbn.id/graph_image.php?action=zoom&local_graph_id=57687&rra_id=0&view_type=&graph_start=1764522000&graph_end=1767200400&graph_height=120&graph_width=500&title_font_size=10...
2026-01-03 11:52:25 | INFO | scraping.scraper | Gambar berhasil disimpan ke D:\MyCode\Automation\Cacti_Automation - DBDeleteing\output\2026-01-03_11-51-58\raw_screenshots\fsr-bsiayanlx.png
2026-01-03 11:52:25 | INFO | graph_storage | Storage directory ready: graph_data_storage
2026-01-03 11:52:25 | INFO | graph_storage | Graph info saved: fsr-bsiayanlx, D:\MyCode\Automation\Cacti_Automation - DBDeleteing\output\2026-01-03_11-51-58\raw_screenshots\fsr-bsiayanlx.png
2026-01-03 11:52:25 | INFO | scraping.scraper | [SUCCESS] Processed fsr-bsiayanlx successfully - saved to D:\MyCode\Automation\Cacti_Automation - DBDeleteing\output\2026-01-03_11-51-58\raw_screenshots\fsr-bsiayanlx.png
2026-01-03 11:52:25 | INFO | scraping.scraper | Klik link Preview Mode...
2026-01-03 11:52:25 | INFO | scraping.scraper | Menunggu halaman Preview Mode terbuka...
2026-01-03 11:52:25 | INFO | scraping.scraper | Menekan tombol Go lagi untuk username: fsr-bsiayanlx di Preview Mode
2026-01-03 11:52:27 | INFO | scraping.scraper | [DEBUG] Mencari tombol Go...
2026-01-03 11:52:27 | INFO | scraping.scraper | [DEBUG] Tombol Go ditemukan, mencoba klik...
2026-01-03 11:52:28 | INFO | scraping.scraper | [DEBUG] Tombol Go diklik
2026-01-03 11:52:28 | INFO | scraping.scraper | [DEBUG] Memeriksa ketersediaan data untuk test
2026-01-03 11:52:29 | INFO | scraping.scraper | [DEBUG] Gagal menemukan Zoom link dengan selector //a[contains(@href,'graph.php?action=zoom')]: Message: 
Stacktrace:
Symbols not available. Dumping unresolved backtrace:
	0xa112d3
	0xa11314
	0x7fe6dd
	0x8493a5
	0x84977b
	0x890382
	0x86b534
	0x88db13
	0x86b2e6
	0x83d321
	0x83e1d4
	0xc65314
	0xc608cb
	0xc7d1aa
	0xa2b1d8
	0xa331dd
	0xa195d8
	0xa19799
	0xa03b28
	0x76b15d49
	0x779ad5db
	0x779ad561

2026-01-03 11:52:30 | INFO | scraping.scraper | [DEBUG] Gagal menemukan Zoom link dengan selector //a[img[contains(@src,'graph_image.php')]]: Message: 
Stacktrace:
Symbols not available. Dumping unresolved backtrace:
	0xa112d3
	0xa11314
	0x7fe6dd
	0x8493a5
	0x84977b
	0x890382
	0x86b534
	0x88db13
	0x86b2e6
	0x83d321
	0x83e1d4
	0xc65314
	0xc608cb
	0xc7d1aa
	0xa2b1d8
	0xa331dd
	0xa195d8
	0xa19799
	0xa03b28
	0x76b15d49
	0x779ad5db
	0x779ad561

2026-01-03 11:52:31 | INFO | scraping.scraper | [DEBUG] Gagal menemukan Zoom link dengan selector a.graph-zoom: Message: 
Stacktrace:
Symbols not available. Dumping unresolved backtrace:
	0xa112d3
	0xa11314
	0x7fe6dd
	0x8493a5
	0x84977b
	0x890382
	0x86b534
	0x88db13
	0x86b2e6
	0x83d321
	0x83e1d4
	0xc65314
	0xc608cb
	0xc7d1aa
	0xa2b1d8
	0xa331dd
	0xa195d8
	0xa19799
	0xa03b28
	0x76b15d49
	0x779ad5db
	0x779ad561

2026-01-03 11:52:32 | INFO | scraping.scraper | [DEBUG] Gagal menemukan Zoom link dengan selector //a[contains(@onclick,'graph_zoom')]: Message: 
Stacktrace:
Symbols not available. Dumping unresolved backtrace:
	0xa112d3
	0xa11314
	0x7fe6dd
	0x8493a5
	0x84977b
	0x890382
	0x86b534
	0x88db13
	0x86b2e6
	0x83d321
	0x83e1d4
	0xc65314
	0xc608cb
	0xc7d1aa
	0xa2b1d8
	0xa331dd
	0xa195d8
	0xa19799
	0xa03b28
	0x76b15d49
	0x779ad5db
	0x779ad561

2026-01-03 11:52:33 | INFO | scraping.scraper | [DEBUG] Gagal menemukan Zoom link dengan selector //a[contains(@class,'zoomLink')]: Message: 
Stacktrace:
Symbols not available. Dumping unresolved backtrace:
	0xa112d3
	0xa11314
	0x7fe6dd
	0x8493a5
	0x84977b
	0x890382
	0x86b534
	0x88db13
	0x86b2e6
	0x83d321
	0x83e1d4
	0xc65314
	0xc608cb
	0xc7d1aa
	0xa2b1d8
	0xa331dd
	0xa195d8
	0xa19799
	0xa03b28
	0x76b15d49
	0x779ad5db
	0x779ad561

2026-01-03 11:52:34 | INFO | scraping.scraper | [DEBUG] Gagal menemukan Zoom link dengan selector //a[contains(text(),'Zoom')]: Message: 
Stacktrace:
Symbols not available. Dumping unresolved backtrace:
	0xa112d3
	0xa11314
	0x7fe6dd
	0x8493a5
	0x84977b
	0x890382
	0x86b534
	0x88db13
	0x86b2e6
	0x83d321
	0x83e1d4
	0xc65314
	0xc608cb
	0xc7d1aa
	0xa2b1d8
	0xa331dd
	0xa195d8
	0xa19799
	0xa03b28
	0x76b15d49
	0x779ad5db
	0x779ad561

2026-01-03 11:52:35 | INFO | scraping.scraper | [DEBUG] Gagal menemukan Zoom link dengan selector //a[normalize-space(.)='Zoom']: Message: 
Stacktrace:
Symbols not available. Dumping unresolved backtrace:
	0xa112d3
	0xa11314
	0x7fe6dd
	0x8493a5
	0x84977b
	0x890382
	0x86b534
	0x88db13
	0x86b2e6
	0x83d321
	0x83e1d4
	0xc65314
	0xc608cb
	0xc7d1aa
	0xa2b1d8
	0xa331dd
	0xa195d8
	0xa19799
	0xa03b28
	0x76b15d49
	0x779ad5db
	0x779ad561

2026-01-03 11:52:35 | INFO | scraping.scraper | [DEBUG] Link Zoom ditemukan dengan xpath: //a[.//img]
2026-01-03 11:52:36 | INFO | scraping.scraper | Menunggu gambar Graph muncul setelah klik Zoom...
2026-01-03 11:52:46 | ERROR | scraping.scraper | Gagal Menemukan gambar test
2026-01-03 11:52:46 | ERROR | scraping.scraper | Gambar Graph tidak ditemukan untuk test. Error: Message: 
Stacktrace:
Symbols not available. Dumping unresolved backtrace:
	0xa112d3
	0xa11314
	0x7fe6dd
	0x8493a5
	0x84977b
	0x890382
	0x86b534
	0x88db13
	0x86b2e6
	0x83d321
	0x83e1d4
	0xc65314
	0xc608cb
	0xc7d1aa
	0xa2b1d8
	0xa331dd
	0xa195d8
	0xa19799
	0xa03b28
	0x76b15d49
	0x779ad5db
	0x779ad561

2026-01-03 11:52:46 | INFO | scraping.scraper | 
===== SCRAPING SUMMARY =====
2026-01-03 11:52:46 | INFO | scraping.scraper | Total usernames: 4
2026-01-03 11:52:46 | INFO | scraping.scraper | Successful: 3
2026-01-03 11:52:46 | INFO | scraping.scraper | Failed: 1
2026-01-03 11:52:46 | INFO | scraping.scraper | Missing: 0
2026-01-03 11:52:46 | INFO | scraping.scraper | Menutup browser...
2026-01-03 11:52:48 | INFO | main_pipeline | Scraping selesai. Gambar disimpan di: D:\MyCode\Automation\Cacti_Automation - DBDeleteing\output\2026-01-03_11-51-58\raw_screenshots
2026-01-03 11:52:48 | INFO | main_pipeline | STEP 2: OCR semua gambar di folder: D:\MyCode\Automation\Cacti_Automation - DBDeleteing\output\2026-01-03_11-51-58\raw_screenshots
2026-01-03 11:52:48 | INFO | main_pipeline | Ditemukan 3 gambar untuk diproses OCR
2026-01-03 11:52:48 | INFO | main_pipeline | Hasil akan disimpan di folder yang sama: D:\MyCode\Automation\Cacti_Automation - DBDeleteing\output\2026-01-03_11-51-58\raw_screenshots
2026-01-03 11:52:48 | INFO | main_pipeline | Memulai proses OCR dengan EasyOCR...
2026-01-03 11:52:48 | WARNING | easyocr.easyocr | Using CPU. Note: This module is much faster with a GPU.
2026-01-03 11:53:01 | INFO | easyocr_image_to_text | Berhasil memproses: fsr-bsiayanlx.png
2026-01-03 11:53:10 | INFO | easyocr_image_to_text | Berhasil memproses: fsr-bsibatamctlx.png
2026-01-03 11:53:19 | INFO | easyocr_image_to_text | Berhasil memproses: fsr-bsibatamindolx.png
2026-01-03 11:53:19 | INFO | easyocr_image_to_text | Data bersih disimpan di: D:\MyCode\Automation\Cacti_Automation - DBDeleteing\output\2026-01-03_11-51-58\processed_output/processed_20260103_115319.json
2026-01-03 11:53:19 | INFO | easyocr_image_to_text | File CSV tersimpan di: D:\MyCode\Automation\Cacti_Automation - DBDeleteing\output\2026-01-03_11-51-58\hasil_2026-01-03_11-51-58.csv
2026-01-03 11:53:19 | INFO | main_pipeline | OCR selesai. Hasil: 3 gambar diproses
2026-01-03 11:53:19 | INFO | main_pipeline | File JSON disimpan di: D:\MyCode\Automation\Cacti_Automation - DBDeleteing\output\2026-01-03_11-51-58\processed_output/processed_20260103_115319.json
2026-01-03 11:53:19 | INFO | main_pipeline | File CSV disimpan di: D:\MyCode\Automation\Cacti_Automation - DBDeleteing\output\2026-01-03_11-51-58\hasil_2026-01-03_11-51-58.csv
2026-01-03 11:53:19 | INFO | main_pipeline | STEP 3: Generating 3 CSV variants (Original, Mbps, Kbps)
2026-01-03 11:53:19 | INFO | main_pipeline | Input file: D:\MyCode\Automation\Cacti_Automation - DBDeleteing\output\2026-01-03_11-51-58\hasil_2026-01-03_11-51-58.csv
2026-01-03 11:53:19 | INFO | cleaning.csv_generator | Reading source CSV: D:\MyCode\Automation\Cacti_Automation - DBDeleteing\output\2026-01-03_11-51-58\hasil_2026-01-03_11-51-58.csv
2026-01-03 11:53:19 | INFO | cleaning.csv_generator | Saved original CSV: D:\MyCode\Automation\Cacti_Automation - DBDeleteing\output\2026-01-03_11-51-58\hasil_original_2026-01-03_11-51-58.csv
2026-01-03 11:53:19 | INFO | cleaning.csv_generator | Saved Mbps CSV: D:\MyCode\Automation\Cacti_Automation - DBDeleteing\output\2026-01-03_11-51-58\hasil_mbps_2026-01-03_11-51-58.csv
2026-01-03 11:53:19 | INFO | cleaning.csv_generator | Saved Kbps CSV: D:\MyCode\Automation\Cacti_Automation - DBDeleteing\output\2026-01-03_11-51-58\hasil_kbps_2026-01-03_11-51-58.csv
2026-01-03 11:53:19 | INFO | main_pipeline | Generated CSV files:
2026-01-03 11:53:19 | INFO | main_pipeline |   Original: D:\MyCode\Automation\Cacti_Automation - DBDeleteing\output\2026-01-03_11-51-58\hasil_original_2026-01-03_11-51-58.csv
2026-01-03 11:53:19 | INFO | main_pipeline |   Mbps:     D:\MyCode\Automation\Cacti_Automation - DBDeleteing\output\2026-01-03_11-51-58\hasil_mbps_2026-01-03_11-51-58.csv
2026-01-03 11:53:19 | INFO | main_pipeline |   Kbps:     D:\MyCode\Automation\Cacti_Automation - DBDeleteing\output\2026-01-03_11-51-58\hasil_kbps_2026-01-03_11-51-58.csv
2026-01-03 11:53:19 | INFO | main_pipeline | Ringkasan tersimpan di: D:\MyCode\Automation\Cacti_Automation - DBDeleteing\output\2026-01-03_11-51-58\summary.log
2026-01-03 11:53:19 | INFO | main_pipeline | summary.json saved
2026-01-03 11:53:20 | INFO | web.app | Client disconnected
2026-01-03 11:53:20 | INFO | web.app | Client disconnected
2026-01-03 11:53:23 | INFO | web.app | Mendownload file: D:\MyCode\Automation\Cacti_Automation - DBDeleteing\output\2026-01-03_11-51-58\hasil_mbps_2026-01-03_11-51-58.csv
2026-01-03 11:58:59 | INFO | web.app | Received /run_pipeline payload | date1=2025-12-01T00:00 date2=2026-01-01T00:00 target_url=https://nms.cbn.id/ usernames=4
2026-01-03 11:58:59 | INFO | web.app | Starting pipeline | date1=2025-12-01T00:00 date2=2026-01-01T00:00 target_url=https://nms.cbn.id/ usernames=fsr-bsibatamindolx,fsr-bsibatamctlx,fsr-bsiayanlx,test
2026-01-03 11:58:59 | INFO | main_pipeline | STEP 1: Scraping data dan gambar...
2026-01-03 11:58:59 | INFO | main_pipeline | Folder output: D:\MyCode\Automation\Cacti_Automation - DBDeleteing\output\2026-01-03_11-58-59
2026-01-03 11:58:59 | INFO | scraping.scraper | Memulai WebDriver...
2026-01-03 11:58:59 | INFO | WDM | ====== WebDriver manager ======
2026-01-03 11:59:01 | INFO | WDM | Get LATEST chromedriver version for google-chrome
2026-01-03 11:59:02 | INFO | WDM | Get LATEST chromedriver version for google-chrome
2026-01-03 11:59:02 | INFO | WDM | Driver [C:\Users\User\.wdm\drivers\chromedriver\win64\143.0.7499.169\chromedriver-win32/chromedriver.exe] found in cache
2026-01-03 11:59:05 | INFO | scraping.scraper | Membuka halaman login: https://nms.cbn.id/
2026-01-03 11:59:05 | INFO | scraping.scraper | Mengisi username dan password...
2026-01-03 11:59:09 | INFO | scraping.scraper | Mengisi tanggal awal...
2026-01-03 11:59:12 | INFO | scraping.scraper | Mengisi tanggal akhir...
2026-01-03 11:59:13 | INFO | scraping.scraper | Menekan tombol Refresh...
2026-01-03 11:59:13 | INFO | scraping.scraper | Gambar akan disimpan di: D:\MyCode\Automation\Cacti_Automation - DBDeleteing\output\2026-01-03_11-58-59\raw_screenshots
2026-01-03 11:59:13 | INFO | scraping.scraper | [DEBUG] Mencari tombol Go...
2026-01-03 11:59:13 | INFO | scraping.scraper | [DEBUG] Tombol Go ditemukan, mencoba klik...
2026-01-03 11:59:13 | INFO | scraping.scraper | [DEBUG] Tombol Go diklik
2026-01-03 11:59:13 | INFO | scraping.scraper | [DEBUG] Memeriksa ketersediaan data untuk fsr-bsibatamindolx
2026-01-03 11:59:13 | INFO | scraping.scraper | [DEBUG] Link Zoom ditemukan dengan xpath: //a[contains(@href,'graph.php?action=zoom')]
2026-01-03 11:59:15 | INFO | scraping.scraper | Menunggu gambar Graph muncul setelah klik Zoom...
2026-01-03 11:59:15 | INFO | scraping.scraper | Gambar Graph ditemukan: https://nms.cbn.id/graph_image.php?action=zoom&local_graph_id=58174&rra_id=0&view_type=&graph_start=1764522000&graph_end=1767200400&graph_height=120&graph_width=500&title_font_size=10
2026-01-03 11:59:15 | INFO | scraping.scraper | Mengambil judul grafik...
2026-01-03 11:59:15 | INFO | scraping.scraper | HASIL Username: fsr-bsibatamindolx
2026-01-03 11:59:15 | INFO | scraping.scraper | Judul pendek (filename): fsr-bsibatamindolx
2026-01-03 11:59:15 | INFO | scraping.scraper | Judul asli CACTI: Zooming Graph 'cbr2.ro.metro26 - Po20.1553 - isp-cust-pre PT Mega Akses Persada / PT Bank Syariah - fsr-bsibatamindolx'
2026-01-03 11:59:15 | INFO | scraping.scraper | Gambar URL: https://nms.cbn.id/graph_image.php?action=zoom&local_graph_id=58174&rra_id=0&view_type=&graph_start=1764522000&graph_end=1767200400&graph_height=120&graph_width=500&title_font_size=10
2026-01-03 11:59:15 | INFO | scraping.scraper | Downloading image from https://nms.cbn.id/graph_image.php?action=zoom&local_graph_id=58174&rra_id=0&view_type=&graph_start=1764522000&graph_end=1767200400&graph_height=120&graph_width=500&title_font_size=10...
2026-01-03 11:59:15 | INFO | scraping.scraper | Gambar berhasil disimpan ke D:\MyCode\Automation\Cacti_Automation - DBDeleteing\output\2026-01-03_11-58-59\raw_screenshots\fsr-bsibatamindolx.png
2026-01-03 11:59:15 | INFO | graph_storage | Storage directory ready: graph_data_storage
2026-01-03 11:59:15 | INFO | graph_storage | Graph info saved: fsr-bsibatamindolx, D:\MyCode\Automation\Cacti_Automation - DBDeleteing\output\2026-01-03_11-58-59\raw_screenshots\fsr-bsibatamindolx.png
2026-01-03 11:59:15 | INFO | scraping.scraper | [SUCCESS] Processed fsr-bsibatamindolx successfully - saved to D:\MyCode\Automation\Cacti_Automation - DBDeleteing\output\2026-01-03_11-58-59\raw_screenshots\fsr-bsibatamindolx.png
2026-01-03 11:59:15 | INFO | scraping.scraper | Klik link Preview Mode...
2026-01-03 11:59:15 | INFO | scraping.scraper | Menunggu halaman Preview Mode terbuka...
2026-01-03 11:59:15 | INFO | scraping.scraper | Menekan tombol Go lagi untuk username: fsr-bsibatamindolx di Preview Mode
2026-01-03 11:59:17 | INFO | scraping.scraper | [DEBUG] Mencari tombol Go...
2026-01-03 11:59:17 | INFO | scraping.scraper | [DEBUG] Tombol Go ditemukan, mencoba klik...
2026-01-03 11:59:18 | INFO | scraping.scraper | [DEBUG] Tombol Go diklik
2026-01-03 11:59:18 | INFO | scraping.scraper | [DEBUG] Memeriksa ketersediaan data untuk fsr-bsibatamctlx
2026-01-03 11:59:18 | INFO | scraping.scraper | [DEBUG] Link Zoom ditemukan dengan xpath: //a[contains(@href,'graph.php?action=zoom')]
2026-01-03 11:59:19 | INFO | scraping.scraper | Menunggu gambar Graph muncul setelah klik Zoom...
2026-01-03 11:59:19 | INFO | scraping.scraper | Gambar Graph ditemukan: https://nms.cbn.id/graph_image.php?action=zoom&local_graph_id=58176&rra_id=0&view_type=&graph_start=1764522000&graph_end=1767200400&graph_height=120&graph_width=500&title_font_size=10
2026-01-03 11:59:19 | INFO | scraping.scraper | Mengambil judul grafik...
2026-01-03 11:59:19 | INFO | scraping.scraper | HASIL Username: fsr-bsibatamctlx
2026-01-03 11:59:19 | INFO | scraping.scraper | Judul pendek (filename): fsr-bsibatamctlx
2026-01-03 11:59:19 | INFO | scraping.scraper | Judul asli CACTI: Zooming Graph 'cbr2.ro.metro26 - Po20.2185 - isp-cust-pre PT Mega Akses Persada / PT Bank Syariah - fsr-bsibatamctlx'
2026-01-03 11:59:19 | INFO | scraping.scraper | Gambar URL: https://nms.cbn.id/graph_image.php?action=zoom&local_graph_id=58176&rra_id=0&view_type=&graph_start=1764522000&graph_end=1767200400&graph_height=120&graph_width=500&title_font_size=10
2026-01-03 11:59:19 | INFO | scraping.scraper | Downloading image from https://nms.cbn.id/graph_image.php?action=zoom&local_graph_id=58176&rra_id=0&view_type=&graph_start=1764522000&graph_end=1767200400&graph_height=120&graph_width=500&title_font_size=10...
2026-01-03 11:59:19 | INFO | scraping.scraper | Gambar berhasil disimpan ke D:\MyCode\Automation\Cacti_Automation - DBDeleteing\output\2026-01-03_11-58-59\raw_screenshots\fsr-bsibatamctlx.png
2026-01-03 11:59:19 | INFO | graph_storage | Storage directory ready: graph_data_storage
2026-01-03 11:59:20 | INFO | graph_storage | Graph info saved: fsr-bsibatamctlx, D:\MyCode\Automation\Cacti_Automation - DBDeleteing\output\2026-01-03_11-58-59\raw_screenshots\fsr-bsibatamctlx.png
2026-01-03 11:59:20 | INFO | scraping.scraper | [SUCCESS] Processed fsr-bsibatamctlx successfully - saved to D:\MyCode\Automation\Cacti_Automation - DBDeleteing\output\2026-01-03_11-58-59\raw_screenshots\fsr-bsibatamctlx.png
2026-01-03 11:59:20 | INFO | scraping.scraper | Klik link Preview Mode...
2026-01-03 11:59:20 | INFO | scraping.scraper | Menunggu halaman Preview Mode terbuka...
2026-01-03 11:59:20 | INFO | scraping.scraper | Menekan tombol Go lagi untuk username: fsr-bsibatamctlx di Preview Mode
2026-01-03 11:59:22 | INFO | scraping.scraper | [DEBUG] Mencari tombol Go...
2026-01-03 11:59:22 | INFO | scraping.scraper | [DEBUG] Tombol Go ditemukan, mencoba klik...
2026-01-03 11:59:22 | INFO | scraping.scraper | [DEBUG] Tombol Go diklik
2026-01-03 11:59:22 | INFO | scraping.scraper | [DEBUG] Memeriksa ketersediaan data untuk fsr-bsiayanlx
2026-01-03 11:59:23 | INFO | scraping.scraper | [DEBUG] Link Zoom ditemukan dengan xpath: //a[contains(@href,'graph.php?action=zoom')]
2026-01-03 11:59:24 | INFO | scraping.scraper | Menunggu gambar Graph muncul setelah klik Zoom...
2026-01-03 11:59:24 | INFO | scraping.scraper | Gambar Graph ditemukan: https://nms.cbn.id/graph_image.php?action=zoom&local_graph_id=57687&rra_id=0&view_type=&graph_start=1764522000&graph_end=1767200400&graph_height=120&graph_width=500&title_font_size=10
2026-01-03 11:59:24 | INFO | scraping.scraper | Mengambil judul grafik...
2026-01-03 11:59:24 | INFO | scraping.scraper | HASIL Username: fsr-bsiayanlx
2026-01-03 11:59:24 | INFO | scraping.scraper | Judul pendek (filename): fsr-bsiayanlx
2026-01-03 11:59:24 | INFO | scraping.scraper | Judul asli CACTI: Zooming Graph 'cbr2.ro.metro26 - Po20.2114 - isp-cust-pre PT Mega Akses Persada / BSI KC MEDAN A YANI - fsr-bsiayanlx'
2026-01-03 11:59:24 | INFO | scraping.scraper | Gambar URL: https://nms.cbn.id/graph_image.php?action=zoom&local_graph_id=57687&rra_id=0&view_type=&graph_start=1764522000&graph_end=1767200400&graph_height=120&graph_width=500&title_font_size=10
2026-01-03 11:59:24 | INFO | scraping.scraper | Downloading image from https://nms.cbn.id/graph_image.php?action=zoom&local_graph_id=57687&rra_id=0&view_type=&graph_start=1764522000&graph_end=1767200400&graph_height=120&graph_width=500&title_font_size=10...
2026-01-03 11:59:24 | INFO | scraping.scraper | Gambar berhasil disimpan ke D:\MyCode\Automation\Cacti_Automation - DBDeleteing\output\2026-01-03_11-58-59\raw_screenshots\fsr-bsiayanlx.png
2026-01-03 11:59:24 | INFO | graph_storage | Storage directory ready: graph_data_storage
2026-01-03 11:59:24 | INFO | graph_storage | Graph info saved: fsr-bsiayanlx, D:\MyCode\Automation\Cacti_Automation - DBDeleteing\output\2026-01-03_11-58-59\raw_screenshots\fsr-bsiayanlx.png
2026-01-03 11:59:24 | INFO | scraping.scraper | [SUCCESS] Processed fsr-bsiayanlx successfully - saved to D:\MyCode\Automation\Cacti_Automation - DBDeleteing\output\2026-01-03_11-58-59\raw_screenshots\fsr-bsiayanlx.png
2026-01-03 11:59:24 | INFO | scraping.scraper | Klik link Preview Mode...
2026-01-03 11:59:24 | INFO | scraping.scraper | Menunggu halaman Preview Mode terbuka...
2026-01-03 11:59:24 | INFO | scraping.scraper | Menekan tombol Go lagi untuk username: fsr-bsiayanlx di Preview Mode
2026-01-03 11:59:26 | INFO | scraping.scraper | [DEBUG] Mencari tombol Go...
2026-01-03 11:59:26 | INFO | scraping.scraper | [DEBUG] Tombol Go ditemukan, mencoba klik...
2026-01-03 11:59:26 | INFO | scraping.scraper | [DEBUG] Tombol Go diklik
2026-01-03 11:59:26 | INFO | scraping.scraper | [DEBUG] Memeriksa ketersediaan data untuk test
2026-01-03 11:59:28 | INFO | scraping.scraper | [DEBUG] Gagal menemukan Zoom link dengan selector //a[contains(@href,'graph.php?action=zoom')]: Message: 
Stacktrace:
Symbols not available. Dumping unresolved backtrace:
	0x7912d3
	0x791314
	0x57e6dd
	0x5c93a5
	0x5c977b
	0x610382
	0x5eb534
	0x60db13
	0x5eb2e6
	0x5bd321
	0x5be1d4
	0x9e5314
	0x9e08cb
	0x9fd1aa
	0x7ab1d8
	0x7b31dd
	0x7995d8
	0x799799
	0x783b28
	0x76b15d49
	0x779ad5db
	0x779ad561

2026-01-03 11:59:29 | INFO | scraping.scraper | [DEBUG] Gagal menemukan Zoom link dengan selector //a[img[contains(@src,'graph_image.php')]]: Message: 
Stacktrace:
Symbols not available. Dumping unresolved backtrace:
	0x7912d3
	0x791314
	0x57e6dd
	0x5c93a5
	0x5c977b
	0x610382
	0x5eb534
	0x60db13
	0x5eb2e6
	0x5bd321
	0x5be1d4
	0x9e5314
	0x9e08cb
	0x9fd1aa
	0x7ab1d8
	0x7b31dd
	0x7995d8
	0x799799
	0x783b28
	0x76b15d49
	0x779ad5db
	0x779ad561

2026-01-03 11:59:30 | INFO | scraping.scraper | [DEBUG] Gagal menemukan Zoom link dengan selector a.graph-zoom: Message: 
Stacktrace:
Symbols not available. Dumping unresolved backtrace:
	0x7912d3
	0x791314
	0x57e6dd
	0x5c93a5
	0x5c977b
	0x610382
	0x5eb534
	0x60db13
	0x5eb2e6
	0x5bd321
	0x5be1d4
	0x9e5314
	0x9e08cb
	0x9fd1aa
	0x7ab1d8
	0x7b31dd
	0x7995d8
	0x799799
	0x783b28
	0x76b15d49
	0x779ad5db
	0x779ad561

2026-01-03 11:59:31 | INFO | scraping.scraper | [DEBUG] Gagal menemukan Zoom link dengan selector //a[contains(@onclick,'graph_zoom')]: Message: 
Stacktrace:
Symbols not available. Dumping unresolved backtrace:
	0x7912d3
	0x791314
	0x57e6dd
	0x5c93a5
	0x5c977b
	0x610382
	0x5eb534
	0x60db13
	0x5eb2e6
	0x5bd321
	0x5be1d4
	0x9e5314
	0x9e08cb
	0x9fd1aa
	0x7ab1d8
	0x7b31dd
	0x7995d8
	0x799799
	0x783b28
	0x76b15d49
	0x779ad5db
	0x779ad561

2026-01-03 11:59:32 | INFO | scraping.scraper | [DEBUG] Gagal menemukan Zoom link dengan selector //a[contains(@class,'zoomLink')]: Message: 
Stacktrace:
Symbols not available. Dumping unresolved backtrace:
	0x7912d3
	0x791314
	0x57e6dd
	0x5c93a5
	0x5c977b
	0x610382
	0x5eb534
	0x60db13
	0x5eb2e6
	0x5bd321
	0x5be1d4
	0x9e5314
	0x9e08cb
	0x9fd1aa
	0x7ab1d8
	0x7b31dd
	0x7995d8
	0x799799
	0x783b28
	0x76b15d49
	0x779ad5db
	0x779ad561

2026-01-03 11:59:33 | INFO | scraping.scraper | [DEBUG] Gagal menemukan Zoom link dengan selector //a[contains(text(),'Zoom')]: Message: 
Stacktrace:
Symbols not available. Dumping unresolved backtrace:
	0x7912d3
	0x791314
	0x57e6dd
	0x5c93a5
	0x5c977b
	0x610382
	0x5eb534
	0x60db13
	0x5eb2e6
	0x5bd321
	0x5be1d4
	0x9e5314
	0x9e08cb
	0x9fd1aa
	0x7ab1d8
	0x7b31dd
	0x7995d8
	0x799799
	0x783b28
	0x76b15d49
	0x779ad5db
	0x779ad561

2026-01-03 11:59:34 | INFO | scraping.scraper | [DEBUG] Gagal menemukan Zoom link dengan selector //a[normalize-space(.)='Zoom']: Message: 
Stacktrace:
Symbols not available. Dumping unresolved backtrace:
	0x7912d3
	0x791314
	0x57e6dd
	0x5c93a5
	0x5c977b
	0x610382
	0x5eb534
	0x60db13
	0x5eb2e6
	0x5bd321
	0x5be1d4
	0x9e5314
	0x9e08cb
	0x9fd1aa
	0x7ab1d8
	0x7b31dd
	0x7995d8
	0x799799
	0x783b28
	0x76b15d49
	0x779ad5db
	0x779ad561

2026-01-03 11:59:34 | INFO | scraping.scraper | [DEBUG] Link Zoom ditemukan dengan xpath: //a[.//img]
2026-01-03 11:59:35 | INFO | scraping.scraper | Menunggu gambar Graph muncul setelah klik Zoom...
2026-01-03 11:59:45 | ERROR | scraping.scraper | Gagal Menemukan gambar test
2026-01-03 11:59:45 | ERROR | scraping.scraper | Gambar Graph tidak ditemukan untuk test. Error: Message: 
Stacktrace:
Symbols not available. Dumping unresolved backtrace:
	0x7912d3
	0x791314
	0x57e6dd
	0x5c93a5
	0x5c977b
	0x610382
	0x5eb534
	0x60db13
	0x5eb2e6
	0x5bd321
	0x5be1d4
	0x9e5314
	0x9e08cb
	0x9fd1aa
	0x7ab1d8
	0x7b31dd
	0x7995d8
	0x799799
	0x783b28
	0x76b15d49
	0x779ad5db
	0x779ad561

2026-01-03 11:59:45 | INFO | scraping.scraper | 
===== SCRAPING SUMMARY =====
2026-01-03 11:59:45 | INFO | scraping.scraper | Total usernames: 4
2026-01-03 11:59:45 | INFO | scraping.scraper | Successful: 3
2026-01-03 11:59:45 | INFO | scraping.scraper | Failed: 1
2026-01-03 11:59:45 | INFO | scraping.scraper | Missing: 0
2026-01-03 11:59:45 | INFO | scraping.scraper | Menutup browser...
2026-01-03 11:59:47 | INFO | main_pipeline | Scraping selesai. Gambar disimpan di: D:\MyCode\Automation\Cacti_Automation - DBDeleteing\output\2026-01-03_11-58-59\raw_screenshots
2026-01-03 11:59:47 | INFO | main_pipeline | STEP 2: OCR semua gambar di folder: D:\MyCode\Automation\Cacti_Automation - DBDeleteing\output\2026-01-03_11-58-59\raw_screenshots
2026-01-03 11:59:47 | INFO | main_pipeline | Ditemukan 3 gambar untuk diproses OCR
2026-01-03 11:59:47 | INFO | main_pipeline | Hasil akan disimpan di folder yang sama: D:\MyCode\Automation\Cacti_Automation - DBDeleteing\output\2026-01-03_11-58-59\raw_screenshots
2026-01-03 11:59:47 | INFO | main_pipeline | Memulai proses OCR dengan EasyOCR...
2026-01-03 11:59:57 | INFO | easyocr_image_to_text | Berhasil memproses: fsr-bsiayanlx.png
2026-01-03 12:00:07 | INFO | easyocr_image_to_text | Berhasil memproses: fsr-bsibatamctlx.png
2026-01-03 12:00:16 | INFO | easyocr_image_to_text | Berhasil memproses: fsr-bsibatamindolx.png
2026-01-03 12:00:16 | INFO | easyocr_image_to_text | Data bersih disimpan di: D:\MyCode\Automation\Cacti_Automation - DBDeleteing\output\2026-01-03_11-58-59\processed_output/processed_20260103_120016.json
2026-01-03 12:00:16 | INFO | easyocr_image_to_text | File CSV tersimpan di: D:\MyCode\Automation\Cacti_Automation - DBDeleteing\output\2026-01-03_11-58-59\hasil_2026-01-03_11-58-59.csv
2026-01-03 12:00:16 | INFO | main_pipeline | OCR selesai. Hasil: 3 gambar diproses
2026-01-03 12:00:16 | INFO | main_pipeline | File JSON disimpan di: D:\MyCode\Automation\Cacti_Automation - DBDeleteing\output\2026-01-03_11-58-59\processed_output/processed_20260103_120016.json
2026-01-03 12:00:16 | INFO | main_pipeline | File CSV disimpan di: D:\MyCode\Automation\Cacti_Automation - DBDeleteing\output\2026-01-03_11-58-59\hasil_2026-01-03_11-58-59.csv
2026-01-03 12:00:16 | INFO | main_pipeline | STEP 3: Generating 3 CSV variants (Original, Mbps, Kbps)
2026-01-03 12:00:16 | INFO | main_pipeline | Input file: D:\MyCode\Automation\Cacti_Automation - DBDeleteing\output\2026-01-03_11-58-59\hasil_2026-01-03_11-58-59.csv
2026-01-03 12:00:16 | INFO | cleaning.csv_generator | Reading source CSV: D:\MyCode\Automation\Cacti_Automation - DBDeleteing\output\2026-01-03_11-58-59\hasil_2026-01-03_11-58-59.csv
2026-01-03 12:00:16 | INFO | cleaning.csv_generator | Saved original CSV: D:\MyCode\Automation\Cacti_Automation - DBDeleteing\output\2026-01-03_11-58-59\hasil_original_2026-01-03_11-58-59.csv
2026-01-03 12:00:16 | INFO | cleaning.csv_generator | Saved Mbps CSV: D:\MyCode\Automation\Cacti_Automation - DBDeleteing\output\2026-01-03_11-58-59\hasil_mbps_2026-01-03_11-58-59.csv
2026-01-03 12:00:16 | INFO | cleaning.csv_generator | Saved Kbps CSV: D:\MyCode\Automation\Cacti_Automation - DBDeleteing\output\2026-01-03_11-58-59\hasil_kbps_2026-01-03_11-58-59.csv
2026-01-03 12:00:16 | INFO | main_pipeline | Generated CSV files:
2026-01-03 12:00:16 | INFO | main_pipeline |   Original: D:\MyCode\Automation\Cacti_Automation - DBDeleteing\output\2026-01-03_11-58-59\hasil_original_2026-01-03_11-58-59.csv
2026-01-03 12:00:16 | INFO | main_pipeline |   Mbps:     D:\MyCode\Automation\Cacti_Automation - DBDeleteing\output\2026-01-03_11-58-59\hasil_mbps_2026-01-03_11-58-59.csv
2026-01-03 12:00:16 | INFO | main_pipeline |   Kbps:     D:\MyCode\Automation\Cacti_Automation - DBDeleteing\output\2026-01-03_11-58-59\hasil_kbps_2026-01-03_11-58-59.csv
2026-01-03 12:00:16 | INFO | main_pipeline | Ringkasan tersimpan di: D:\MyCode\Automation\Cacti_Automation - DBDeleteing\output\2026-01-03_11-58-59\summary.log
2026-01-03 12:00:16 | INFO | main_pipeline | summary.json saved
2026-01-03 12:00:17 | INFO | web.app | Client disconnected
2026-01-03 12:00:29 | INFO | web.app | Prometheus metrics available at /metrics
2026-01-03 12:00:30 | INFO | web.app | Client disconnected
2026-01-03 12:00:30 | INFO | web.app | Client disconnected
2026-01-03 12:00:31 | INFO | web.app | Client disconnected
2026-01-03 12:00:32 | INFO | web.app | Received /run_pipeline payload | date1=2025-12-01T00:00 date2=2026-01-01T00:00 target_url=https://nms.cbn.id/ usernames=4
2026-01-03 12:00:32 | INFO | web.app | Starting pipeline | date1=2025-12-01T00:00 date2=2026-01-01T00:00 target_url=https://nms.cbn.id/ usernames=fsr-bsibatamindolx,fsr-bsibatamctlx,fsr-bsiayanlx,test
2026-01-03 12:00:46 | INFO | main_pipeline | STEP 1: Scraping data dan gambar...
2026-01-03 12:00:46 | INFO | main_pipeline | Folder output: D:\MyCode\Automation\Cacti_Automation - DBDeleteing\output\2026-01-03_12-00-46
2026-01-03 12:00:46 | INFO | scraping.scraper | Memulai WebDriver...
2026-01-03 12:00:46 | INFO | WDM | ====== WebDriver manager ======
2026-01-03 12:00:47 | INFO | WDM | Get LATEST chromedriver version for google-chrome
2026-01-03 12:00:47 | INFO | WDM | Get LATEST chromedriver version for google-chrome
2026-01-03 12:00:47 | INFO | WDM | Driver [C:\Users\User\.wdm\drivers\chromedriver\win64\143.0.7499.169\chromedriver-win32/chromedriver.exe] found in cache
2026-01-03 12:00:50 | INFO | scraping.scraper | Membuka halaman login: https://nms.cbn.id/
2026-01-03 12:00:51 | INFO | scraping.scraper | Mengisi username dan password...
2026-01-03 12:01:06 | INFO | scraping.scraper | Mengisi tanggal awal...
2026-01-03 12:01:06 | INFO | scraping.scraper | Mengisi tanggal akhir...
2026-01-03 12:01:06 | INFO | scraping.scraper | Menekan tombol Refresh...
2026-01-03 12:01:14 | INFO | scraping.scraper | Gambar akan disimpan di: D:\MyCode\Automation\Cacti_Automation - DBDeleteing\output\2026-01-03_12-00-46\raw_screenshots
2026-01-03 12:01:14 | INFO | scraping.scraper | [DEBUG] Mencari tombol Go...
2026-01-03 12:01:14 | INFO | scraping.scraper | [DEBUG] Tombol Go ditemukan, mencoba klik...
2026-01-03 12:01:22 | INFO | scraping.scraper | [DEBUG] Tombol Go diklik
2026-01-03 12:01:22 | INFO | scraping.scraper | [DEBUG] Memeriksa ketersediaan data untuk fsr-bsibatamindolx
2026-01-03 12:01:22 | INFO | scraping.scraper | [DEBUG] Link Zoom ditemukan dengan xpath: //a[contains(@href,'graph.php?action=zoom')]
2026-01-03 12:01:23 | INFO | scraping.scraper | Menunggu gambar Graph muncul setelah klik Zoom...
2026-01-03 12:01:23 | INFO | scraping.scraper | Gambar Graph ditemukan: https://nms.cbn.id/graph_image.php?action=zoom&local_graph_id=58174&rra_id=0&view_type=&graph_start=1764522000&graph_end=1767200400&graph_height=120&graph_width=500&title_font_size=10
2026-01-03 12:01:23 | INFO | scraping.scraper | Mengambil judul grafik...
2026-01-03 12:01:23 | INFO | scraping.scraper | HASIL Username: fsr-bsibatamindolx
2026-01-03 12:01:23 | INFO | scraping.scraper | Judul pendek (filename): fsr-bsibatamindolx
2026-01-03 12:01:23 | INFO | scraping.scraper | Judul asli CACTI: Zooming Graph 'cbr2.ro.metro26 - Po20.1553 - isp-cust-pre PT Mega Akses Persada / PT Bank Syariah - fsr-bsibatamindolx'
2026-01-03 12:01:23 | INFO | scraping.scraper | Gambar URL: https://nms.cbn.id/graph_image.php?action=zoom&local_graph_id=58174&rra_id=0&view_type=&graph_start=1764522000&graph_end=1767200400&graph_height=120&graph_width=500&title_font_size=10
2026-01-03 12:01:23 | INFO | scraping.scraper | Downloading image from https://nms.cbn.id/graph_image.php?action=zoom&local_graph_id=58174&rra_id=0&view_type=&graph_start=1764522000&graph_end=1767200400&graph_height=120&graph_width=500&title_font_size=10...
2026-01-03 12:01:24 | INFO | scraping.scraper | Gambar berhasil disimpan ke D:\MyCode\Automation\Cacti_Automation - DBDeleteing\output\2026-01-03_12-00-46\raw_screenshots\fsr-bsibatamindolx.png
2026-01-03 12:01:24 | INFO | graph_storage | Storage directory ready: graph_data_storage
2026-01-03 12:01:24 | INFO | graph_storage | Graph info saved: fsr-bsibatamindolx, D:\MyCode\Automation\Cacti_Automation - DBDeleteing\output\2026-01-03_12-00-46\raw_screenshots\fsr-bsibatamindolx.png
2026-01-03 12:01:24 | INFO | scraping.scraper | [SUCCESS] Processed fsr-bsibatamindolx successfully - saved to D:\MyCode\Automation\Cacti_Automation - DBDeleteing\output\2026-01-03_12-00-46\raw_screenshots\fsr-bsibatamindolx.png
2026-01-03 12:01:24 | INFO | scraping.scraper | Klik link Preview Mode...
2026-01-03 12:01:33 | INFO | scraping.scraper | Menunggu halaman Preview Mode terbuka...
2026-01-03 12:01:33 | INFO | scraping.scraper | Menekan tombol Go lagi untuk username: fsr-bsibatamindolx di Preview Mode
2026-01-03 12:01:40 | INFO | scraping.scraper | [DEBUG] Mencari tombol Go...
2026-01-03 12:01:40 | INFO | scraping.scraper | [DEBUG] Tombol Go ditemukan, mencoba klik...
2026-01-03 12:01:46 | INFO | scraping.scraper | [DEBUG] Tombol Go diklik
2026-01-03 12:01:46 | INFO | scraping.scraper | [DEBUG] Memeriksa ketersediaan data untuk fsr-bsibatamctlx
2026-01-03 12:01:46 | INFO | scraping.scraper | [DEBUG] Link Zoom ditemukan dengan xpath: //a[contains(@href,'graph.php?action=zoom')]
2026-01-03 12:01:48 | INFO | scraping.scraper | Menunggu gambar Graph muncul setelah klik Zoom...
2026-01-03 12:01:48 | INFO | scraping.scraper | Gambar Graph ditemukan: https://nms.cbn.id/graph_image.php?action=zoom&local_graph_id=58176&rra_id=0&view_type=&graph_start=1764522000&graph_end=1767200400&graph_height=120&graph_width=500&title_font_size=10
2026-01-03 12:01:48 | INFO | scraping.scraper | Mengambil judul grafik...
2026-01-03 12:01:48 | INFO | scraping.scraper | HASIL Username: fsr-bsibatamctlx
2026-01-03 12:01:48 | INFO | scraping.scraper | Judul pendek (filename): fsr-bsibatamctlx
2026-01-03 12:01:48 | INFO | scraping.scraper | Judul asli CACTI: Zooming Graph 'cbr2.ro.metro26 - Po20.2185 - isp-cust-pre PT Mega Akses Persada / PT Bank Syariah - fsr-bsibatamctlx'
2026-01-03 12:01:48 | INFO | scraping.scraper | Gambar URL: https://nms.cbn.id/graph_image.php?action=zoom&local_graph_id=58176&rra_id=0&view_type=&graph_start=1764522000&graph_end=1767200400&graph_height=120&graph_width=500&title_font_size=10
2026-01-03 12:01:48 | INFO | scraping.scraper | Downloading image from https://nms.cbn.id/graph_image.php?action=zoom&local_graph_id=58176&rra_id=0&view_type=&graph_start=1764522000&graph_end=1767200400&graph_height=120&graph_width=500&title_font_size=10...
2026-01-03 12:01:48 | INFO | scraping.scraper | Gambar berhasil disimpan ke D:\MyCode\Automation\Cacti_Automation - DBDeleteing\output\2026-01-03_12-00-46\raw_screenshots\fsr-bsibatamctlx.png
2026-01-03 12:01:48 | INFO | graph_storage | Storage directory ready: graph_data_storage
2026-01-03 12:01:48 | INFO | graph_storage | Graph info saved: fsr-bsibatamctlx, D:\MyCode\Automation\Cacti_Automation - DBDeleteing\output\2026-01-03_12-00-46\raw_screenshots\fsr-bsibatamctlx.png
2026-01-03 12:01:48 | INFO | scraping.scraper | [SUCCESS] Processed fsr-bsibatamctlx successfully - saved to D:\MyCode\Automation\Cacti_Automation - DBDeleteing\output\2026-01-03_12-00-46\raw_screenshots\fsr-bsibatamctlx.png
2026-01-03 12:01:48 | INFO | scraping.scraper | Klik link Preview Mode...
2026-01-03 12:01:53 | INFO | scraping.scraper | Menunggu halaman Preview Mode terbuka...
2026-01-03 12:01:53 | INFO | scraping.scraper | Menekan tombol Go lagi untuk username: fsr-bsibatamctlx di Preview Mode
2026-01-03 12:02:00 | INFO | scraping.scraper | [DEBUG] Mencari tombol Go...
2026-01-03 12:02:00 | INFO | scraping.scraper | [DEBUG] Tombol Go ditemukan, mencoba klik...
2026-01-03 12:02:04 | INFO | scraping.scraper | [DEBUG] Tombol Go diklik
2026-01-03 12:02:04 | INFO | scraping.scraper | [DEBUG] Memeriksa ketersediaan data untuk fsr-bsiayanlx
2026-01-03 12:02:04 | INFO | scraping.scraper | [DEBUG] Link Zoom ditemukan dengan xpath: //a[contains(@href,'graph.php?action=zoom')]
2026-01-03 12:02:05 | INFO | scraping.scraper | Menunggu gambar Graph muncul setelah klik Zoom...
2026-01-03 12:02:05 | INFO | scraping.scraper | Gambar Graph ditemukan: https://nms.cbn.id/graph_image.php?action=zoom&local_graph_id=57687&rra_id=0&view_type=&graph_start=1764522000&graph_end=1767200400&graph_height=120&graph_width=500&title_font_size=10
2026-01-03 12:02:05 | INFO | scraping.scraper | Mengambil judul grafik...
2026-01-03 12:02:05 | INFO | scraping.scraper | HASIL Username: fsr-bsiayanlx
2026-01-03 12:02:05 | INFO | scraping.scraper | Judul pendek (filename): fsr-bsiayanlx
2026-01-03 12:02:05 | INFO | scraping.scraper | Judul asli CACTI: Zooming Graph 'cbr2.ro.metro26 - Po20.2114 - isp-cust-pre PT Mega Akses Persada / BSI KC MEDAN A YANI - fsr-bsiayanlx'
2026-01-03 12:02:05 | INFO | scraping.scraper | Gambar URL: https://nms.cbn.id/graph_image.php?action=zoom&local_graph_id=57687&rra_id=0&view_type=&graph_start=1764522000&graph_end=1767200400&graph_height=120&graph_width=500&title_font_size=10
2026-01-03 12:02:05 | INFO | scraping.scraper | Downloading image from https://nms.cbn.id/graph_image.php?action=zoom&local_graph_id=57687&rra_id=0&view_type=&graph_start=1764522000&graph_end=1767200400&graph_height=120&graph_width=500&title_font_size=10...
2026-01-03 12:02:06 | INFO | scraping.scraper | Gambar berhasil disimpan ke D:\MyCode\Automation\Cacti_Automation - DBDeleteing\output\2026-01-03_12-00-46\raw_screenshots\fsr-bsiayanlx.png
2026-01-03 12:02:06 | INFO | graph_storage | Storage directory ready: graph_data_storage
2026-01-03 12:02:06 | INFO | graph_storage | Graph info saved: fsr-bsiayanlx, D:\MyCode\Automation\Cacti_Automation - DBDeleteing\output\2026-01-03_12-00-46\raw_screenshots\fsr-bsiayanlx.png
2026-01-03 12:02:06 | INFO | scraping.scraper | [SUCCESS] Processed fsr-bsiayanlx successfully - saved to D:\MyCode\Automation\Cacti_Automation - DBDeleteing\output\2026-01-03_12-00-46\raw_screenshots\fsr-bsiayanlx.png
2026-01-03 12:02:06 | INFO | scraping.scraper | Klik link Preview Mode...
2026-01-03 12:02:10 | INFO | scraping.scraper | Menunggu halaman Preview Mode terbuka...
2026-01-03 12:02:10 | INFO | scraping.scraper | Menekan tombol Go lagi untuk username: fsr-bsiayanlx di Preview Mode
2026-01-03 12:02:16 | INFO | scraping.scraper | [DEBUG] Mencari tombol Go...
2026-01-03 12:02:16 | INFO | scraping.scraper | [DEBUG] Tombol Go ditemukan, mencoba klik...
2026-01-03 12:02:19 | INFO | scraping.scraper | [DEBUG] Tombol Go diklik
2026-01-03 12:02:19 | INFO | scraping.scraper | [DEBUG] Memeriksa ketersediaan data untuk test
2026-01-03 12:02:21 | INFO | scraping.scraper | [DEBUG] Gagal menemukan Zoom link dengan selector //a[contains(@href,'graph.php?action=zoom')]: Message: 
Stacktrace:
Symbols not available. Dumping unresolved backtrace:
	0xd312d3
	0xd31314
	0xb1e6dd
	0xb693a5
	0xb6977b
	0xbb0382
	0xb8b534
	0xbadb13
	0xb8b2e6
	0xb5d321
	0xb5e1d4
	0xf85314
	0xf808cb
	0xf9d1aa
	0xd4b1d8
	0xd531dd
	0xd395d8
	0xd39799
	0xd23b28
	0x76b15d49
	0x779ad5db
	0x779ad561

2026-01-03 12:02:22 | INFO | scraping.scraper | [DEBUG] Gagal menemukan Zoom link dengan selector //a[img[contains(@src,'graph_image.php')]]: Message: 
Stacktrace:
Symbols not available. Dumping unresolved backtrace:
	0xd312d3
	0xd31314
	0xb1e6dd
	0xb693a5
	0xb6977b
	0xbb0382
	0xb8b534
	0xbadb13
	0xb8b2e6
	0xb5d321
	0xb5e1d4
	0xf85314
	0xf808cb
	0xf9d1aa
	0xd4b1d8
	0xd531dd
	0xd395d8
	0xd39799
	0xd23b28
	0x76b15d49
	0x779ad5db
	0x779ad561

2026-01-03 12:02:23 | INFO | scraping.scraper | [DEBUG] Gagal menemukan Zoom link dengan selector a.graph-zoom: Message: 
Stacktrace:
Symbols not available. Dumping unresolved backtrace:
	0xd312d3
	0xd31314
	0xb1e6dd
	0xb693a5
	0xb6977b
	0xbb0382
	0xb8b534
	0xbadb13
	0xb8b2e6
	0xb5d321
	0xb5e1d4
	0xf85314
	0xf808cb
	0xf9d1aa
	0xd4b1d8
	0xd531dd
	0xd395d8
	0xd39799
	0xd23b28
	0x76b15d49
	0x779ad5db
	0x779ad561

2026-01-03 12:02:24 | INFO | scraping.scraper | [DEBUG] Gagal menemukan Zoom link dengan selector //a[contains(@onclick,'graph_zoom')]: Message: 
Stacktrace:
Symbols not available. Dumping unresolved backtrace:
	0xd312d3
	0xd31314
	0xb1e6dd
	0xb693a5
	0xb6977b
	0xbb0382
	0xb8b534
	0xbadb13
	0xb8b2e6
	0xb5d321
	0xb5e1d4
	0xf85314
	0xf808cb
	0xf9d1aa
	0xd4b1d8
	0xd531dd
	0xd395d8
	0xd39799
	0xd23b28
	0x76b15d49
	0x779ad5db
	0x779ad561

2026-01-03 12:02:25 | INFO | scraping.scraper | [DEBUG] Gagal menemukan Zoom link dengan selector //a[contains(@class,'zoomLink')]: Message: 
Stacktrace:
Symbols not available. Dumping unresolved backtrace:
	0xd312d3
	0xd31314
	0xb1e6dd
	0xb693a5
	0xb6977b
	0xbb0382
	0xb8b534
	0xbadb13
	0xb8b2e6
	0xb5d321
	0xb5e1d4
	0xf85314
	0xf808cb
	0xf9d1aa
	0xd4b1d8
	0xd531dd
	0xd395d8
	0xd39799
	0xd23b28
	0x76b15d49
	0x779ad5db
	0x779ad561

2026-01-03 12:02:26 | INFO | scraping.scraper | [DEBUG] Gagal menemukan Zoom link dengan selector //a[contains(text(),'Zoom')]: Message: 
Stacktrace:
Symbols not available. Dumping unresolved backtrace:
	0xd312d3
	0xd31314
	0xb1e6dd
	0xb693a5
	0xb6977b
	0xbb0382
	0xb8b534
	0xbadb13
	0xb8b2e6
	0xb5d321
	0xb5e1d4
	0xf85314
	0xf808cb
	0xf9d1aa
	0xd4b1d8
	0xd531dd
	0xd395d8
	0xd39799
	0xd23b28
	0x76b15d49
	0x779ad5db
	0x779ad561

2026-01-03 12:02:27 | INFO | scraping.scraper | [DEBUG] Gagal menemukan Zoom link dengan selector //a[normalize-space(.)='Zoom']: Message: 
Stacktrace:
Symbols not available. Dumping unresolved backtrace:
	0xd312d3
	0xd31314
	0xb1e6dd
	0xb693a5
	0xb6977b
	0xbb0382
	0xb8b534
	0xbadb13
	0xb8b2e6
	0xb5d321
	0xb5e1d4
	0xf85314
	0xf808cb
	0xf9d1aa
	0xd4b1d8
	0xd531dd
	0xd395d8
	0xd39799
	0xd23b28
	0x76b15d49
	0x779ad5db
	0x779ad561

2026-01-03 12:02:27 | INFO | scraping.scraper | [DEBUG] Link Zoom ditemukan dengan xpath: //a[.//img]
2026-01-03 12:02:32 | INFO | scraping.scraper | Menunggu gambar Graph muncul setelah klik Zoom...
2026-01-03 12:02:42 | ERROR | scraping.scraper | Gagal Menemukan gambar test
2026-01-03 12:02:42 | ERROR | scraping.scraper | Gambar Graph tidak ditemukan untuk test. Error: Message: 
Stacktrace:
Symbols not available. Dumping unresolved backtrace:
	0xd312d3
	0xd31314
	0xb1e6dd
	0xb693a5
	0xb6977b
	0xbb0382
	0xb8b534
	0xbadb13
	0xb8b2e6
	0xb5d321
	0xb5e1d4
	0xf85314
	0xf808cb
	0xf9d1aa
	0xd4b1d8
	0xd531dd
	0xd395d8
	0xd39799
	0xd23b28
	0x76b15d49
	0x779ad5db
	0x779ad561

2026-01-03 12:02:42 | INFO | scraping.scraper | 
===== SCRAPING SUMMARY =====
2026-01-03 12:02:42 | INFO | scraping.scraper | Total usernames: 4
2026-01-03 12:02:42 | INFO | scraping.scraper | Successful: 3
2026-01-03 12:02:42 | INFO | scraping.scraper | Failed: 1
2026-01-03 12:02:42 | INFO | scraping.scraper | Missing: 0
2026-01-03 12:02:42 | INFO | scraping.scraper | Menutup browser...
2026-01-03 12:02:44 | INFO | main_pipeline | Scraping selesai. Gambar disimpan di: D:\MyCode\Automation\Cacti_Automation - DBDeleteing\output\2026-01-03_12-00-46\raw_screenshots
2026-01-03 12:02:44 | INFO | main_pipeline | STEP 2: OCR semua gambar di folder: D:\MyCode\Automation\Cacti_Automation - DBDeleteing\output\2026-01-03_12-00-46\raw_screenshots
2026-01-03 12:02:44 | INFO | main_pipeline | Ditemukan 3 gambar untuk diproses OCR
2026-01-03 12:02:44 | INFO | main_pipeline | Hasil akan disimpan di folder yang sama: D:\MyCode\Automation\Cacti_Automation - DBDeleteing\output\2026-01-03_12-00-46\raw_screenshots
2026-01-03 12:02:44 | INFO | main_pipeline | Memulai proses OCR dengan EasyOCR...
2026-01-03 12:02:44 | WARNING | easyocr.easyocr | Using CPU. Note: This module is much faster with a GPU.
2026-01-03 12:02:56 | INFO | easyocr_image_to_text | Berhasil memproses: fsr-bsiayanlx.png
2026-01-03 12:03:05 | INFO | easyocr_image_to_text | Berhasil memproses: fsr-bsibatamctlx.png
2026-01-03 12:03:14 | INFO | easyocr_image_to_text | Berhasil memproses: fsr-bsibatamindolx.png
2026-01-03 12:03:14 | INFO | easyocr_image_to_text | Data bersih disimpan di: D:\MyCode\Automation\Cacti_Automation - DBDeleteing\output\2026-01-03_12-00-46\processed_output/processed_20260103_120314.json
2026-01-03 12:03:14 | INFO | easyocr_image_to_text | File CSV tersimpan di: D:\MyCode\Automation\Cacti_Automation - DBDeleteing\output\2026-01-03_12-00-46\hasil_2026-01-03_12-00-46.csv
2026-01-03 12:03:14 | INFO | main_pipeline | OCR selesai. Hasil: 3 gambar diproses
2026-01-03 12:03:14 | INFO | main_pipeline | File JSON disimpan di: D:\MyCode\Automation\Cacti_Automation - DBDeleteing\output\2026-01-03_12-00-46\processed_output/processed_20260103_120314.json
2026-01-03 12:03:14 | INFO | main_pipeline | File CSV disimpan di: D:\MyCode\Automation\Cacti_Automation - DBDeleteing\output\2026-01-03_12-00-46\hasil_2026-01-03_12-00-46.csv
2026-01-03 12:03:14 | INFO | main_pipeline | STEP 3: Generating 3 CSV variants (Original, Mbps, Kbps)
2026-01-03 12:03:14 | INFO | main_pipeline | Input file: D:\MyCode\Automation\Cacti_Automation - DBDeleteing\output\2026-01-03_12-00-46\hasil_2026-01-03_12-00-46.csv
2026-01-03 12:03:14 | INFO | cleaning.csv_generator | Reading source CSV: D:\MyCode\Automation\Cacti_Automation - DBDeleteing\output\2026-01-03_12-00-46\hasil_2026-01-03_12-00-46.csv
2026-01-03 12:03:14 | INFO | cleaning.csv_generator | Saved original CSV: D:\MyCode\Automation\Cacti_Automation - DBDeleteing\output\2026-01-03_12-00-46\hasil_original_2026-01-03_12-00-46.csv
2026-01-03 12:03:14 | INFO | cleaning.csv_generator | Saved Mbps CSV: D:\MyCode\Automation\Cacti_Automation - DBDeleteing\output\2026-01-03_12-00-46\hasil_mbps_2026-01-03_12-00-46.csv
2026-01-03 12:03:14 | INFO | cleaning.csv_generator | Saved Kbps CSV: D:\MyCode\Automation\Cacti_Automation - DBDeleteing\output\2026-01-03_12-00-46\hasil_kbps_2026-01-03_12-00-46.csv
2026-01-03 12:03:14 | INFO | main_pipeline | Generated CSV files:
2026-01-03 12:03:14 | INFO | main_pipeline |   Original: D:\MyCode\Automation\Cacti_Automation - DBDeleteing\output\2026-01-03_12-00-46\hasil_original_2026-01-03_12-00-46.csv
2026-01-03 12:03:14 | INFO | main_pipeline |   Mbps:     D:\MyCode\Automation\Cacti_Automation - DBDeleteing\output\2026-01-03_12-00-46\hasil_mbps_2026-01-03_12-00-46.csv
2026-01-03 12:03:14 | INFO | main_pipeline |   Kbps:     D:\MyCode\Automation\Cacti_Automation - DBDeleteing\output\2026-01-03_12-00-46\hasil_kbps_2026-01-03_12-00-46.csv
2026-01-03 12:03:14 | INFO | main_pipeline | Ringkasan tersimpan di: D:\MyCode\Automation\Cacti_Automation - DBDeleteing\output\2026-01-03_12-00-46\summary.log
2026-01-03 12:03:14 | INFO | main_pipeline | summary.json saved
2026-01-03 12:03:15 | INFO | web.app | Client disconnected
2026-01-03 12:03:15 | INFO | web.app | Client disconnected
2026-01-03 12:03:31 | INFO | web.app | Mendownload file: D:\MyCode\Automation\Cacti_Automation - DBDeleteing\output\2026-01-03_12-00-46\hasil_mbps_2026-01-03_12-00-46.csv
2026-01-03 12:07:51 | INFO | web.app | Prometheus metrics available at /metrics
2026-01-03 12:08:58 | INFO | web.app | Received /run_pipeline payload | date1=2026-01-01T12:08 date2= target_url=https://nms.cbn.id/ usernames=2
2026-01-03 12:08:58 | INFO | web.app | Starting pipeline | date1=2026-01-01T12:08 date2= target_url=https://nms.cbn.id/ usernames=fsr-bsikedungrorolx,fsr-bsikcpwiyungsbylx
2026-01-03 12:09:07 | INFO | main_pipeline | STEP 1: Scraping data dan gambar...
2026-01-03 12:09:07 | INFO | main_pipeline | Folder output: D:\MyCode\Automation\Cacti_Automation - DBDeleteing\output\2026-01-03_12-09-07
2026-01-03 12:09:07 | INFO | scraping.scraper | Memulai WebDriver...
2026-01-03 12:09:07 | INFO | WDM | ====== WebDriver manager ======
2026-01-03 12:09:09 | INFO | WDM | Get LATEST chromedriver version for google-chrome
2026-01-03 12:09:09 | INFO | WDM | Get LATEST chromedriver version for google-chrome
2026-01-03 12:09:09 | INFO | WDM | Driver [C:\Users\User\.wdm\drivers\chromedriver\win64\143.0.7499.169\chromedriver-win32/chromedriver.exe] found in cache
2026-01-03 12:09:11 | INFO | scraping.scraper | Membuka halaman login: https://nms.cbn.id/
2026-01-03 12:09:11 | INFO | scraping.scraper | Mengisi username dan password...
2026-01-03 12:09:22 | INFO | scraping.scraper | Mengisi tanggal awal...
2026-01-03 12:09:23 | INFO | scraping.scraper | Mengisi tanggal akhir...
2026-01-03 12:09:23 | INFO | scraping.scraper | Menekan tombol Refresh...
2026-01-03 12:09:23 | INFO | scraping.scraper | Gambar akan disimpan di: D:\MyCode\Automation\Cacti_Automation - DBDeleteing\output\2026-01-03_12-09-07\raw_screenshots
2026-01-03 12:09:24 | INFO | scraping.scraper | [DEBUG] Mencari tombol Go...
2026-01-03 12:09:24 | INFO | scraping.scraper | [DEBUG] Tombol Go ditemukan, mencoba klik...
2026-01-03 12:09:24 | INFO | scraping.scraper | [DEBUG] Tombol Go diklik
2026-01-03 12:09:24 | INFO | scraping.scraper | [DEBUG] Memeriksa ketersediaan data untuk fsr-bsikedungrorolx
2026-01-03 12:09:24 | INFO | scraping.scraper | [DEBUG] Link Zoom ditemukan dengan xpath: //a[contains(@href,'graph.php?action=zoom')]
2026-01-03 12:09:25 | INFO | scraping.scraper | Menunggu gambar Graph muncul setelah klik Zoom...
2026-01-03 12:09:25 | INFO | scraping.scraper | Gambar Graph ditemukan: https://nms.cbn.id/graph_image.php?action=zoom&local_graph_id=58352&rra_id=0&view_type=&graph_start=1767330540&graph_end=1767416940&graph_height=120&graph_width=500&title_font_size=10
2026-01-03 12:09:25 | INFO | scraping.scraper | Mengambil judul grafik...
2026-01-03 12:09:26 | INFO | scraping.scraper | HASIL Username: fsr-bsikedungrorolx
2026-01-03 12:09:26 | INFO | scraping.scraper | Judul pendek (filename): fsr-bsikedungrorolx
2026-01-03 12:09:26 | INFO | scraping.scraper | Judul asli CACTI: Zooming Graph 'cbr2.ro.metro26 - Po20.3264 - isp-cust-pre PT. Mega Akses Persada/Bank Syariah Indonesia - fsr-bsikedungrorolx'
2026-01-03 12:09:26 | INFO | scraping.scraper | Gambar URL: https://nms.cbn.id/graph_image.php?action=zoom&local_graph_id=58352&rra_id=0&view_type=&graph_start=1767330540&graph_end=1767416940&graph_height=120&graph_width=500&title_font_size=10
2026-01-03 12:09:26 | INFO | scraping.scraper | Downloading image from https://nms.cbn.id/graph_image.php?action=zoom&local_graph_id=58352&rra_id=0&view_type=&graph_start=1767330540&graph_end=1767416940&graph_height=120&graph_width=500&title_font_size=10...
2026-01-03 12:09:26 | INFO | scraping.scraper | Gambar berhasil disimpan ke D:\MyCode\Automation\Cacti_Automation - DBDeleteing\output\2026-01-03_12-09-07\raw_screenshots\fsr-bsikedungrorolx.png
2026-01-03 12:09:26 | INFO | graph_storage | Storage directory ready: graph_data_storage
2026-01-03 12:09:26 | INFO | graph_storage | Graph info saved: fsr-bsikedungrorolx, D:\MyCode\Automation\Cacti_Automation - DBDeleteing\output\2026-01-03_12-09-07\raw_screenshots\fsr-bsikedungrorolx.png
2026-01-03 12:09:26 | INFO | scraping.scraper | [SUCCESS] Processed fsr-bsikedungrorolx successfully - saved to D:\MyCode\Automation\Cacti_Automation - DBDeleteing\output\2026-01-03_12-09-07\raw_screenshots\fsr-bsikedungrorolx.png
2026-01-03 12:09:26 | INFO | scraping.scraper | Klik link Preview Mode...
2026-01-03 12:09:26 | INFO | scraping.scraper | Menunggu halaman Preview Mode terbuka...
2026-01-03 12:09:26 | INFO | scraping.scraper | Menekan tombol Go lagi untuk username: fsr-bsikedungrorolx di Preview Mode
2026-01-03 12:09:28 | INFO | scraping.scraper | [DEBUG] Mencari tombol Go...
2026-01-03 12:09:28 | INFO | scraping.scraper | [DEBUG] Tombol Go ditemukan, mencoba klik...
2026-01-03 12:09:28 | INFO | scraping.scraper | [DEBUG] Tombol Go diklik
2026-01-03 12:09:28 | INFO | scraping.scraper | [DEBUG] Memeriksa ketersediaan data untuk fsr-bsikcpwiyungsbylx
2026-01-03 12:09:29 | INFO | scraping.scraper | [DEBUG] Link Zoom ditemukan dengan xpath: //a[contains(@href,'graph.php?action=zoom')]
2026-01-03 12:09:30 | INFO | scraping.scraper | Menunggu gambar Graph muncul setelah klik Zoom...
2026-01-03 12:09:30 | INFO | scraping.scraper | Gambar Graph ditemukan: https://nms.cbn.id/graph_image.php?action=zoom&local_graph_id=58331&rra_id=0&view_type=&graph_start=1767330545&graph_end=1767416945&graph_height=120&graph_width=500&title_font_size=10
2026-01-03 12:09:30 | INFO | scraping.scraper | Mengambil judul grafik...
2026-01-03 12:09:30 | INFO | scraping.scraper | HASIL Username: fsr-bsikcpwiyungsbylx
2026-01-03 12:09:30 | INFO | scraping.scraper | Judul pendek (filename): fsr-bsikcpwiyungsbylx
2026-01-03 12:09:30 | INFO | scraping.scraper | Judul asli CACTI: Zooming Graph 'cbr2.ro.metro26 - Po20.3278 - isp-cust-pre PT. Mega Akses Persada/Bank Syariah Indonesia - fsr-bsikcpwiyungsbylx'
2026-01-03 12:09:30 | INFO | scraping.scraper | Gambar URL: https://nms.cbn.id/graph_image.php?action=zoom&local_graph_id=58331&rra_id=0&view_type=&graph_start=1767330545&graph_end=1767416945&graph_height=120&graph_width=500&title_font_size=10
2026-01-03 12:09:30 | INFO | scraping.scraper | Downloading image from https://nms.cbn.id/graph_image.php?action=zoom&local_graph_id=58331&rra_id=0&view_type=&graph_start=1767330545&graph_end=1767416945&graph_height=120&graph_width=500&title_font_size=10...
2026-01-03 12:09:30 | INFO | scraping.scraper | Gambar berhasil disimpan ke D:\MyCode\Automation\Cacti_Automation - DBDeleteing\output\2026-01-03_12-09-07\raw_screenshots\fsr-bsikcpwiyungsbylx.png
2026-01-03 12:09:30 | INFO | graph_storage | Storage directory ready: graph_data_storage
2026-01-03 12:09:30 | INFO | graph_storage | Graph info saved: fsr-bsikcpwiyungsbylx, D:\MyCode\Automation\Cacti_Automation - DBDeleteing\output\2026-01-03_12-09-07\raw_screenshots\fsr-bsikcpwiyungsbylx.png
2026-01-03 12:09:30 | INFO | scraping.scraper | [SUCCESS] Processed fsr-bsikcpwiyungsbylx successfully - saved to D:\MyCode\Automation\Cacti_Automation - DBDeleteing\output\2026-01-03_12-09-07\raw_screenshots\fsr-bsikcpwiyungsbylx.png
2026-01-03 12:09:30 | INFO | scraping.scraper | Klik link Preview Mode...
2026-01-03 12:09:30 | INFO | scraping.scraper | Menunggu halaman Preview Mode terbuka...
2026-01-03 12:09:30 | INFO | scraping.scraper | Menekan tombol Go lagi untuk username: fsr-bsikcpwiyungsbylx di Preview Mode
2026-01-03 12:09:33 | INFO | scraping.scraper | 
===== SCRAPING SUMMARY =====
2026-01-03 12:09:33 | INFO | scraping.scraper | Total usernames: 2
2026-01-03 12:09:33 | INFO | scraping.scraper | Successful: 2
2026-01-03 12:09:33 | INFO | scraping.scraper | Failed: 0
2026-01-03 12:09:33 | INFO | scraping.scraper | Missing: 0
2026-01-03 12:09:33 | INFO | scraping.scraper | Menutup browser...
2026-01-03 12:09:35 | INFO | main_pipeline | Scraping selesai. Gambar disimpan di: D:\MyCode\Automation\Cacti_Automation - DBDeleteing\output\2026-01-03_12-09-07\raw_screenshots
2026-01-03 12:09:35 | INFO | main_pipeline | STEP 2: OCR semua gambar di folder: D:\MyCode\Automation\Cacti_Automation - DBDeleteing\output\2026-01-03_12-09-07\raw_screenshots
2026-01-03 12:09:35 | INFO | main_pipeline | Ditemukan 2 gambar untuk diproses OCR
2026-01-03 12:09:35 | INFO | main_pipeline | Hasil akan disimpan di folder yang sama: D:\MyCode\Automation\Cacti_Automation - DBDeleteing\output\2026-01-03_12-09-07\raw_screenshots
2026-01-03 12:09:35 | INFO | main_pipeline | Memulai proses OCR dengan EasyOCR...
2026-01-03 12:09:35 | WARNING | easyocr.easyocr | Using CPU. Note: This module is much faster with a GPU.
2026-01-03 12:09:48 | INFO | easyocr_image_to_text | Berhasil memproses: fsr-bsikcpwiyungsbylx.png
2026-01-03 12:09:58 | INFO | easyocr_image_to_text | Berhasil memproses: fsr-bsikedungrorolx.png
2026-01-03 12:09:58 | INFO | easyocr_image_to_text | Data bersih disimpan di: D:\MyCode\Automation\Cacti_Automation - DBDeleteing\output\2026-01-03_12-09-07\processed_output/processed_20260103_120958.json
2026-01-03 12:09:58 | INFO | easyocr_image_to_text | File CSV tersimpan di: D:\MyCode\Automation\Cacti_Automation - DBDeleteing\output\2026-01-03_12-09-07\hasil_2026-01-03_12-09-07.csv
2026-01-03 12:09:58 | INFO | main_pipeline | OCR selesai. Hasil: 2 gambar diproses
2026-01-03 12:09:58 | INFO | main_pipeline | File JSON disimpan di: D:\MyCode\Automation\Cacti_Automation - DBDeleteing\output\2026-01-03_12-09-07\processed_output/processed_20260103_120958.json
2026-01-03 12:09:58 | INFO | main_pipeline | File CSV disimpan di: D:\MyCode\Automation\Cacti_Automation - DBDeleteing\output\2026-01-03_12-09-07\hasil_2026-01-03_12-09-07.csv
2026-01-03 12:09:58 | INFO | main_pipeline | STEP 3: Generating 3 CSV variants (Original, Mbps, Kbps)
2026-01-03 12:09:58 | INFO | main_pipeline | Input file: D:\MyCode\Automation\Cacti_Automation - DBDeleteing\output\2026-01-03_12-09-07\hasil_2026-01-03_12-09-07.csv
2026-01-03 12:09:58 | INFO | cleaning.csv_generator | Reading source CSV: D:\MyCode\Automation\Cacti_Automation - DBDeleteing\output\2026-01-03_12-09-07\hasil_2026-01-03_12-09-07.csv
2026-01-03 12:09:58 | INFO | cleaning.csv_generator | Saved original CSV: D:\MyCode\Automation\Cacti_Automation - DBDeleteing\output\2026-01-03_12-09-07\hasil_original_2026-01-03_12-09-07.csv
2026-01-03 12:09:58 | INFO | cleaning.csv_generator | Saved Mbps CSV: D:\MyCode\Automation\Cacti_Automation - DBDeleteing\output\2026-01-03_12-09-07\hasil_mbps_2026-01-03_12-09-07.csv
2026-01-03 12:09:58 | INFO | cleaning.csv_generator | Saved Kbps CSV: D:\MyCode\Automation\Cacti_Automation - DBDeleteing\output\2026-01-03_12-09-07\hasil_kbps_2026-01-03_12-09-07.csv
2026-01-03 12:09:58 | INFO | main_pipeline | Generated CSV files:
2026-01-03 12:09:58 | INFO | main_pipeline |   Original: D:\MyCode\Automation\Cacti_Automation - DBDeleteing\output\2026-01-03_12-09-07\hasil_original_2026-01-03_12-09-07.csv
2026-01-03 12:09:58 | INFO | main_pipeline |   Mbps:     D:\MyCode\Automation\Cacti_Automation - DBDeleteing\output\2026-01-03_12-09-07\hasil_mbps_2026-01-03_12-09-07.csv
2026-01-03 12:09:58 | INFO | main_pipeline |   Kbps:     D:\MyCode\Automation\Cacti_Automation - DBDeleteing\output\2026-01-03_12-09-07\hasil_kbps_2026-01-03_12-09-07.csv
2026-01-03 12:09:58 | INFO | main_pipeline | Ringkasan tersimpan di: D:\MyCode\Automation\Cacti_Automation - DBDeleteing\output\2026-01-03_12-09-07\summary.log
2026-01-03 12:09:58 | INFO | main_pipeline | summary.json saved
2026-01-03 12:09:59 | INFO | web.app | Client disconnected
